<?xml version="1.0" encoding="UTF-8"?>
<!-- Generated by org.testng.reporters.JUnitXMLReporter -->
<testsuite ignored="0" hostname="DESKTOP-D0QCN09" failures="0" tests="1" name="Test4" time="15.108" errors="0" timestamp="2023-02-27T15:20:24 IST">
  <testcase classname="tms.bird.travelProject.TC04_UserSignIn_BookPackage_AdminLogin_ConfirmBooking_UserViewStatus_MyTourHistoryTest" name="userSignIn_BookPackage_AdminLogin_ConfirmBooking_UserViewStatus_MyTourHistoryTest" time="8.863"/>
</testsuite> <!-- Test4 -->
