<?xml version="1.0" encoding="UTF-8"?>
<!-- Generated by org.testng.reporters.JUnitXMLReporter -->
<testsuite ignored="0" hostname="DESKTOP-D0QCN09" failures="0" tests="4" name="Test" time="25.134" errors="0" timestamp="2023-03-02T17:48:04 IST">
  <testcase classname="tms.bird.travelProject.TC02_AdminCreatePackage_UpdateSamePackageTest" name="adminCreatePackage_UpdateSamePackageTest" time="2.418"/>
  <testcase classname="tms.bird.travelProject.TC01_AdminCreatePackage_UserViewPackageTest" name="adminCreatePackage_UserViewPackageTest" time="3.305"/>
  <testcase classname="tms.bird.travelProject.TC04_UserSignIn_BookPackage_AdminLogin_ConfirmBooking_UserViewStatus_MyTourHistoryTest" name="userSignIn_BookPackage_AdminLogin_ConfirmBooking_UserViewStatus_MyTourHistoryTest" time="6.661"/>
  <testcase classname="tms.bird.travelProject.TC03_UserSignUp_SignIn_UserBookPackage_AdminLogin_ConfirmPackageTest" name="userSignUp_SignIn_UserBookPackage_AdminLogin_ConfirmPackageTest" time="5.17"/>
</testsuite> <!-- Test -->
